<?xml version="1.0" encoding="UTF-8"?>
<testsuite xmlns:xsi="http://www.w3.org/2001/XMLSchema-instance" xsi:noNamespaceSchemaLocation="https://maven.apache.org/surefire/maven-surefire-plugin/xsd/surefire-test-report-3.0.xsd" version="3.0" name="com.examly.springapp.SpringappApplicationTests" time="7.856" tests="79" errors="0" skipped="0" failures="0">
  <properties>
[...]
</properties>
  <testcase name="Day3_test_Controller_Directory_Exists" classname="com.examly.springapp.SpringappApplicationTests" time="0.507">
    <system-out><![CDATA[18:16:45.291 [main] INFO org.springframework.test.context.support.AnnotationConfigContextLoaderUtils -- Could not detect default configuration classes for test class [com.examly.springapp.SpringappApplicationTests]: SpringappApplicationTests does not declare any static, non-private, non-final, nested classes annotated with @Configuration.
18:16:45.491 [main] INFO org.springframework.boot.test.context.SpringBootTestContextBootstrapper -- Found @SpringBootConfiguration com.examly.springapp.SpringappApplication for test class com.examly.springapp.SpringappApplicationTests
18:16:45.729 [main] INFO org.springframework.boot.devtools.restart.RestartApplicationListener -- Restart disabled due to context in which it is running

  .   ____          _            __ _ _
 /\\ / ___'_ __ _ _(_)_ __  __ _ \ \ \ \
( ( )\___ | '_ | '_| | '_ \/ _` | \ \ \ \
 \\/  ___)| |_)| | | | | || (_| |  ) ) ) )
  '  |____| .__|_| |_|_| |_\__, | / / / /
 =========|_|==============|___/=/_/_/_/

 :: Spring Boot ::               (v3.4.12)

2025-12-28T18:16:46.165+05:30  INFO 18624 --- [           main] c.e.springapp.SpringappApplicationTests  : Starting SpringappApplicationTests using Java 24.0.2 with PID 18624 (started by prana in C:\Users\prana\Downloads\CONVENIENCE STORE USER ACCOUNT MANAGEMENT SYSTEM\springapp)
2025-12-28T18:16:46.167+05:30  INFO 18624 --- [           main] c.e.springapp.SpringappApplicationTests  : No active profile set, falling back to 1 default profile: "default"
2025-12-28T18:16:47.005+05:30  INFO 18624 --- [           main] .s.d.r.c.RepositoryConfigurationDelegate : Bootstrapping Spring Data JPA repositories in DEFAULT mode.
2025-12-28T18:16:47.103+05:30  INFO 18624 --- [           main] .s.d.r.c.RepositoryConfigurationDelegate : Finished Spring Data repository scanning in 83 ms. Found 5 JPA repository interfaces.
2025-12-28T18:16:47.599+05:30  INFO 18624 --- [           main] o.hibernate.jpa.internal.util.LogHelper  : HHH000204: Processing PersistenceUnitInfo [name: default]
2025-12-28T18:16:47.692+05:30  INFO 18624 --- [           main] org.hibernate.Version                    : HHH000412: Hibernate ORM core version 6.6.36.Final
2025-12-28T18:16:47.736+05:30  INFO 18624 --- [           main] o.h.c.internal.RegionFactoryInitiator    : HHH000026: Second-level cache disabled
2025-12-28T18:16:48.167+05:30  INFO 18624 --- [           main] o.s.o.j.p.SpringPersistenceUnitInfo      : No LoadTimeWeaver setup: ignoring JPA class transformer
2025-12-28T18:16:48.220+05:30  INFO 18624 --- [           main] com.zaxxer.hikari.HikariDataSource       : HikariPool-1 - Starting...
2025-12-28T18:16:48.432+05:30  INFO 18624 --- [           main] com.zaxxer.hikari.pool.HikariPool        : HikariPool-1 - Added connection conn0: url=jdbc:h2:mem:testdb user=SA
2025-12-28T18:16:48.436+05:30  INFO 18624 --- [           main] com.zaxxer.hikari.HikariDataSource       : HikariPool-1 - Start completed.
2025-12-28T18:16:48.475+05:30  WARN 18624 --- [           main] org.hibernate.orm.deprecation            : HHH90000025: H2Dialect does not need to be specified explicitly using 'hibernate.dialect' (remove the property setting and it will be selected by default)
2025-12-28T18:16:48.500+05:30  INFO 18624 --- [           main] org.hibernate.orm.connections.pooling    : HHH10001005: Database info:
	Database JDBC URL [Connecting through datasource 'HikariDataSource (HikariPool-1)']
	Database driver: undefined/unknown
	Database version: 2.3.232
	Autocommit mode: undefined/unknown
	Isolation level: undefined/unknown
	Minimum pool size: undefined/unknown
	Maximum pool size: undefined/unknown
2025-12-28T18:16:49.514+05:30  INFO 18624 --- [           main] o.h.e.t.j.p.i.JtaPlatformInitiator       : HHH000489: No JTA platform available (set 'hibernate.transaction.jta.platform' to enable JTA platform integration)
2025-12-28T18:16:49.576+05:30  INFO 18624 --- [           main] j.LocalContainerEntityManagerFactoryBean : Initialized JPA EntityManagerFactory for persistence unit 'default'
2025-12-28T18:16:50.092+05:30  INFO 18624 --- [           main] o.s.d.j.r.query.QueryEnhancerFactory     : Hibernate is in classpath; If applicable, HQL parser will be used.
2025-12-28T18:16:50.903+05:30  WARN 18624 --- [           main] JpaBaseConfiguration$JpaWebConfiguration : spring.jpa.open-in-view is enabled by default. Therefore, database queries may be performed during view rendering. Explicitly configure spring.jpa.open-in-view to disable this warning
2025-12-28T18:16:51.325+05:30  INFO 18624 --- [           main] o.s.b.a.h2.H2ConsoleAutoConfiguration    : H2 console available at '/h2-console'. Database available at 'jdbc:h2:mem:testdb'
2025-12-28T18:16:51.398+05:30  INFO 18624 --- [           main] o.s.b.t.m.w.SpringBootMockServletContext : Initializing Spring TestDispatcherServlet ''
2025-12-28T18:16:51.398+05:30  INFO 18624 --- [           main] o.s.t.web.servlet.TestDispatcherServlet  : Initializing Servlet ''
2025-12-28T18:16:51.401+05:30  INFO 18624 --- [           main] o.s.t.web.servlet.TestDispatcherServlet  : Completed initialization in 2 ms
2025-12-28T18:16:51.430+05:30  INFO 18624 --- [           main] c.e.springapp.SpringappApplicationTests  : Started SpringappApplicationTests in 5.72 seconds (process running for 7.165)
]]></system-out>
    <system-err><![CDATA[Mockito is currently self-attaching to enable the inline-mock-maker. This will no longer work in future releases of the JDK. Please add Mockito as an agent to your build what is described in Mockito's documentation: https://javadoc.io/doc/org.mockito/mockito-core/latest/org/mockito/Mockito.html#0.3
WARNING: A Java agent has been loaded dynamically (C:\Users\prana\.m2\repository\net\bytebuddy\byte-buddy-agent\1.15.11\byte-buddy-agent-1.15.11.jar)
WARNING: If a serviceability tool is in use, please run with -XX:+EnableDynamicAgentLoading to hide this warning
WARNING: If a serviceability tool is not in use, please run with -Djdk.instrument.traceUsage for more information
WARNING: Dynamic loading of agents will be disallowed by default in a future release
]]></system-err>
  </testcase>
  <testcase name="Day3_test_Model_Directory_Exists" classname="com.examly.springapp.SpringappApplicationTests" time="0.005"/>
  <testcase name="Day3_test_Service_Directory_Exists" classname="com.examly.springapp.SpringappApplicationTests" time="0.004"/>
  <testcase name="Day3_test_Repository_Directory_Exists" classname="com.examly.springapp.SpringappApplicationTests" time="0.003"/>
  <testcase name="Day4_test_RoleModel_File_Exists" classname="com.examly.springapp.SpringappApplicationTests" time="0.002"/>
  <testcase name="Day4_test_ProfileModel_File_Exists" classname="com.examly.springapp.SpringappApplicationTests" time="0.004"/>
  <testcase name="Day4_test_UserAccount_File_Exists" classname="com.examly.springapp.SpringappApplicationTests" time="0.004"/>
  <testcase name="Day4_test_AccountStatusLog_File_Exists" classname="com.examly.springapp.SpringappApplicationTests" time="0.003"/>
  <testcase name="Day4_test_UserRoleMapping_File_Exists" classname="com.examly.springapp.SpringappApplicationTests" time="0.004"/>
  <testcase name="Day4_test_Profile_Has_Entity_Annotation" classname="com.examly.springapp.SpringappApplicationTests" time="0.006"/>
  <testcase name="Day4_test_Profile_Has_Id_Annotation_On_Field" classname="com.examly.springapp.SpringappApplicationTests" time="0.004"/>
  <testcase name="Day5_testRoleRepo_File_Exists" classname="com.examly.springapp.SpringappApplicationTests" time="0.004"/>
  <testcase name="Day5_testProfileRepo_File_Exists" classname="com.examly.springapp.SpringappApplicationTests" time="0.006"/>
  <testcase name="Day5_testUserAccountRepo_File_Exists" classname="com.examly.springapp.SpringappApplicationTests" time="0.003"/>
  <testcase name="Day5_testAccountStatusLogRepo_File_Exists" classname="com.examly.springapp.SpringappApplicationTests" time="0.005"/>
  <testcase name="Day5_testUserRoleMappingRepo_File_Exists" classname="com.examly.springapp.SpringappApplicationTests" time="0.009"/>
  <testcase name="Day5_test_ProfileRepo_Has_Repository_Annotation" classname="com.examly.springapp.SpringappApplicationTests" time="0.003"/>
  <testcase name="Day5_test_RoleRepo_Has_Repository_Annotation" classname="com.examly.springapp.SpringappApplicationTests" time="0.003"/>
  <testcase name="Day5_test_UserAccountRepo_Has_Repository_Annotation" classname="com.examly.springapp.SpringappApplicationTests" time="0.005"/>
  <testcase name="Day5_test_AccountStatusLogRepo_Has_Repository_Annotation" classname="com.examly.springapp.SpringappApplicationTests" time="0.004"/>
  <testcase name="Day5_test_UserRoleMappingRepo_Has_Repository_Annotation" classname="com.examly.springapp.SpringappApplicationTests" time="0.006"/>
  <testcase name="Day6_test_RoleController_File_Exists" classname="com.examly.springapp.SpringappApplicationTests" time="0.005"/>
  <testcase name="Day6_test_ProfileController_File_Exists" classname="com.examly.springapp.SpringappApplicationTests" time="0.004"/>
  <testcase name="Day6_test_UserAccountController_File_Exists" classname="com.examly.springapp.SpringappApplicationTests" time="0.004"/>
  <testcase name="Day6_test_AccountStatusLogController_File_Exists" classname="com.examly.springapp.SpringappApplicationTests" time="0.004"/>
  <testcase name="Day6_test_UserRoleMappingController_File_Exists" classname="com.examly.springapp.SpringappApplicationTests" time="0.004"/>
  <testcase name="Day6_test_RoleController_Has_RestController_Annotation" classname="com.examly.springapp.SpringappApplicationTests" time="0.005"/>
  <testcase name="Day6_test_ProfileController_Has_RestController_Annotation" classname="com.examly.springapp.SpringappApplicationTests" time="0.003"/>
  <testcase name="Day6_test_RoleController_Has_PostMapping" classname="com.examly.springapp.SpringappApplicationTests" time="0.003"/>
  <testcase name="Day6_test_RoleController_Has_GetMapping" classname="com.examly.springapp.SpringappApplicationTests" time="0.002"/>
  <testcase name="Day6_test_RoleController_Has_PutMapping" classname="com.examly.springapp.SpringappApplicationTests" time="0.002"/>
  <testcase name="Day6_test_RoleController_Has_DeleteMapping" classname="com.examly.springapp.SpringappApplicationTests" time="0.002"/>
  <testcase name="Day6_testCreateRole_NoBody_StatusBadRequest" classname="com.examly.springapp.SpringappApplicationTests" time="0.215"/>
  <testcase name="Day6_testGetAllRoles_StatusOk" classname="com.examly.springapp.SpringappApplicationTests" time="0.166"/>
  <testcase name="Day7_test_RoleController_Has_RequestMapping" classname="com.examly.springapp.SpringappApplicationTests" time="0.001"/>
  <testcase name="Day7_test_RoleController_Has_PathVariable" classname="com.examly.springapp.SpringappApplicationTests" time="0.003"/>
  <testcase name="Day7_test_ProfileController_Has_RequestMapping" classname="com.examly.springapp.SpringappApplicationTests" time="0.001"/>
  <testcase name="Day7_test_UserRoleMappingController_Has_RequestMapping" classname="com.examly.springapp.SpringappApplicationTests" time="0.001"/>
  <testcase name="Day7_test_ProfileController_Has_PathVariable" classname="com.examly.springapp.SpringappApplicationTests" time="0.001"/>
  <testcase name="Day7_test_UserRoleMappingController_Has_PathVariable" classname="com.examly.springapp.SpringappApplicationTests" time="0.002"/>
  <testcase name="Day7_test_AccountStatusLog_Has_RequestMapping" classname="com.examly.springapp.SpringappApplicationTests" time="0.001"/>
  <testcase name="Day8_test_RoleService_File_Exists" classname="com.examly.springapp.SpringappApplicationTests" time="0.002"/>
  <testcase name="Day8_test_ProfileService_File_Exists" classname="com.examly.springapp.SpringappApplicationTests" time="0.002"/>
  <testcase name="Day8_test_UserAccountService_File_Exists" classname="com.examly.springapp.SpringappApplicationTests" time="0.001"/>
  <testcase name="Day8_test_AccountStatusLogService_File_Exists" classname="com.examly.springapp.SpringappApplicationTests" time="0.001"/>
  <testcase name="Day8_test_UserRoleMappingService_File_Exists" classname="com.examly.springapp.SpringappApplicationTests" time="0.002"/>
  <testcase name="Day8_test_RoleServiceImpl_File_Exists" classname="com.examly.springapp.SpringappApplicationTests" time="0.001"/>
  <testcase name="Day8_test_ProfileServiceImpl_File_Exists" classname="com.examly.springapp.SpringappApplicationTests" time="0.001"/>
  <testcase name="Day8_test_UserAccountServiceImpl_File_Exists" classname="com.examly.springapp.SpringappApplicationTests" time="0.002"/>
  <testcase name="Day8_test_AccountStatusLogServiceImpl_File_Exists" classname="com.examly.springapp.SpringappApplicationTests" time="0.002"/>
  <testcase name="Day8_test_UserRoleMappingServiceImpl_File_Exists" classname="com.examly.springapp.SpringappApplicationTests" time="0.001"/>
  <testcase name="Day8_testAddRole" classname="com.examly.springapp.SpringappApplicationTests" time="0.109"/>
  <testcase name="Day8_testGetAllRoles" classname="com.examly.springapp.SpringappApplicationTests" time="0.008"/>
  <testcase name="Day8_testGetRoleById" classname="com.examly.springapp.SpringappApplicationTests" time="0.013"/>
  <testcase name="Day8_testUpdateRole" classname="com.examly.springapp.SpringappApplicationTests" time="0.015"/>
  <testcase name="Day9_testPagination_PageNumberApplied" classname="com.examly.springapp.SpringappApplicationTests" time="0.025">
    <system-out><![CDATA[2025-12-28T18:16:52.680+05:30  WARN 18624 --- [           main] ration$PageModule$WarningLoggingModifier : Serializing PageImpl instances as-is is not supported, meaning that there is no guarantee about the stability of the resulting JSON structure!
	For a stable JSON structure, please use Spring Data's PagedModel (globally via @EnableSpringDataWebSupport(pageSerializationMode = VIA_DTO))
	or Spring HATEOAS and Spring Data's PagedResourcesAssembler as documented in https://docs.spring.io/spring-data/commons/reference/repositories/core-extensions.html#core.web.pageables.

]]></system-out>
  </testcase>
  <testcase name="Day9_testPagination_PageSizeApplied" classname="com.examly.springapp.SpringappApplicationTests" time="0.011"/>
  <testcase name="Day9_testPagination_SortingPresent" classname="com.examly.springapp.SpringappApplicationTests" time="0.008"/>
  <testcase name="Day9_testPagination_ContentArrayExists" classname="com.examly.springapp.SpringappApplicationTests" time="0.004"/>
  <testcase name="Day9_testPagination_TotalElementsExists" classname="com.examly.springapp.SpringappApplicationTests" time="0.005"/>
  <testcase name="Day9_testPagination_TotalPagesExists" classname="com.examly.springapp.SpringappApplicationTests" time="0.006"/>
  <testcase name="Day10_testCreateUser" classname="com.examly.springapp.SpringappApplicationTests" time="0.007"/>
  <testcase name="Day10_testAddProfile" classname="com.examly.springapp.SpringappApplicationTests" time="0.018"/>
  <testcase name="Day10_testGetAllProfiles" classname="com.examly.springapp.SpringappApplicationTests" time="0.013"/>
  <testcase name="Day10_testGetProfileById" classname="com.examly.springapp.SpringappApplicationTests" time="0.009"/>
  <testcase name="Day10_testUpdateProfile" classname="com.examly.springapp.SpringappApplicationTests" time="0.007"/>
  <testcase name="Day10_testAddUserRoleMapping" classname="com.examly.springapp.SpringappApplicationTests" time="0.01"/>
  <testcase name="Day10_testGetAllUserRoleMappings" classname="com.examly.springapp.SpringappApplicationTests" time="0.007"/>
  <testcase name="Day10_testGetUserRoleMappingById" classname="com.examly.springapp.SpringappApplicationTests" time="0.006"/>
  <testcase name="Day10_testUpdateUserRoleMapping" classname="com.examly.springapp.SpringappApplicationTests" time="0.009"/>
  <testcase name="Day11_testGetUserRoleMappingsByUserId" classname="com.examly.springapp.SpringappApplicationTests" time="0.026"/>
  <testcase name="Day12_testGetUserRoleMappingByUserIdAndRoleId" classname="com.examly.springapp.SpringappApplicationTests" time="0.01"/>
  <testcase name="Day12_testGetUserRoleMappingByUserId_NotFound" classname="com.examly.springapp.SpringappApplicationTests" time="0.003"/>
  <testcase name="Day12_testGetProfileByName" classname="com.examly.springapp.SpringappApplicationTests" time="0.009"/>
  <testcase name="Day12_testGetProfilesByNameAndAddress" classname="com.examly.springapp.SpringappApplicationTests" time="0.006"/>
  <testcase name="Day13_test_exception_Directory_Exists" classname="com.examly.springapp.SpringappApplicationTests" time="0.002"/>
  <testcase name="Day13_test_GlobalExceptionHandler_File_Exists" classname="com.examly.springapp.SpringappApplicationTests" time="0.002"/>
  <testcase name="Day14_test_configuration_Directory_Exists" classname="com.examly.springapp.SpringappApplicationTests" time="0.002"/>
  <testcase name="Day15_testAOPLogFileExists" classname="com.examly.springapp.SpringappApplicationTests" time="0.001"/>
</testsuite>